<?xml version="1.0" encoding="UTF-8"?>
<testng-results skipped="0" failed="0" ignored="0" total="4" passed="4">
  <reporter-output>
  </reporter-output>
  <suite name="Suite" duration-ms="35" started-at="2019-04-16T03:05:56Z" finished-at="2019-04-16T03:05:56Z">
    <groups>
    </groups>
    <test name="Test" duration-ms="35" started-at="2019-04-16T03:05:56Z" finished-at="2019-04-16T03:05:56Z">
      <class name="qaclickacademy.RESTAPITest">
        <test-method status="PASS" signature="deleteTwitter()[pri:0, instance:qaclickacademy.RESTAPITest@6574b225]" name="deleteTwitter" duration-ms="0" started-at="2019-04-16T03:05:56Z" finished-at="2019-04-16T03:05:56Z">
          <reporter-output>
          </reporter-output>
        </test-method> <!-- deleteTwitter -->
        <test-method status="PASS" signature="postJira()[pri:0, instance:qaclickacademy.RESTAPITest@6574b225]" name="postJira" duration-ms="0" started-at="2019-04-16T03:05:56Z" finished-at="2019-04-16T03:05:56Z">
          <reporter-output>
          </reporter-output>
        </test-method> <!-- postJira -->
      </class> <!-- qaclickacademy.RESTAPITest -->
      <class name="qaclickacademy.SeleniumTest">
        <test-method status="PASS" signature="BrowserAutomation()[pri:0, instance:qaclickacademy.SeleniumTest@5056dfcb]" name="BrowserAutomation" duration-ms="15" started-at="2019-04-16T03:05:56Z" finished-at="2019-04-16T03:05:56Z">
          <reporter-output>
          </reporter-output>
        </test-method> <!-- BrowserAutomation -->
        <test-method status="PASS" signature="elementsUi()[pri:0, instance:qaclickacademy.SeleniumTest@5056dfcb]" name="elementsUi" duration-ms="0" started-at="2019-04-16T03:05:56Z" finished-at="2019-04-16T03:05:56Z">
          <reporter-output>
          </reporter-output>
        </test-method> <!-- elementsUi -->
      </class> <!-- qaclickacademy.SeleniumTest -->
    </test> <!-- Test -->
  </suite> <!-- Suite -->
</testng-results>
